Performing C SOURCE FILE Test CMAKE_HAVE_LIBC_PTHREAD failed with the following output:
Change Dir: /tmp/tmp.XKlURGbl6R/cmake-build-release-raspberrypi/CMakeFiles/CMakeTmp

Run Build Command(s):/usr/bin/make cmTC_a7aec/fast && /usr/bin/make -f CMakeFiles/cmTC_a7aec.dir/build.make CMakeFiles/cmTC_a7aec.dir/build
make[1]: Entering directory '/tmp/tmp.XKlURGbl6R/cmake-build-release-raspberrypi/CMakeFiles/CMakeTmp'
Building C object CMakeFiles/cmTC_a7aec.dir/src.c.o
/usr/bin/cc   -DCMAKE_HAVE_LIBC_PTHREAD   -o CMakeFiles/cmTC_a7aec.dir/src.c.o   -c /tmp/tmp.XKlURGbl6R/cmake-build-release-raspberrypi/CMakeFiles/CMakeTmp/src.c
Linking C executable cmTC_a7aec
/usr/local/bin/cmake -E cmake_link_script CMakeFiles/cmTC_a7aec.dir/link.txt --verbose=1
/usr/bin/cc  -DCMAKE_HAVE_LIBC_PTHREAD    CMakeFiles/cmTC_a7aec.dir/src.c.o  -o cmTC_a7aec 
/usr/bin/ld: CMakeFiles/cmTC_a7aec.dir/src.c.o: in function `main':
src.c:(.text+0x40): undefined reference to `pthread_create'
/usr/bin/ld: src.c:(.text+0x4c): undefined reference to `pthread_detach'
/usr/bin/ld: src.c:(.text+0x58): undefined reference to `pthread_cancel'
/usr/bin/ld: src.c:(.text+0x68): undefined reference to `pthread_join'
collect2: error: ld returned 1 exit status
make[1]: *** [CMakeFiles/cmTC_a7aec.dir/build.make:104: cmTC_a7aec] Error 1
make[1]: Leaving directory '/tmp/tmp.XKlURGbl6R/cmake-build-release-raspberrypi/CMakeFiles/CMakeTmp'
make: *** [Makefile:138: cmTC_a7aec/fast] Error 2


Source file was:
#include <pthread.h>

void* test_func(void* data)
{
  return data;
}

int main(void)
{
  pthread_t thread;
  pthread_create(&thread, NULL, test_func, NULL);
  pthread_detach(thread);
  pthread_cancel(thread);
  pthread_join(thread, NULL);
  pthread_atfork(NULL, NULL, NULL);
  pthread_exit(NULL);

  return 0;
}

